# JRE version: Java(TM) SE Runtime Environment (8.0_191-b12) (build 1.8.0_191-b12)
# Java VM: Java HotSpot(TM) 64-Bit Server VM (25.191-b12 mixed mode windows-amd64 compressed oops)
Heap:
 PSYoungGen      total 143872K, used 63654K [0x00000000d5e00000, 0x00000000df500000, 0x0000000100000000)
  eden space 133120K, 47% used [0x00000000d5e00000,0x00000000d9c29850,0x00000000de000000)
  from space 10752K, 0% used [0x00000000de000000,0x00000000de000000,0x00000000dea80000)
  to   space 10752K, 0% used [0x00000000dea80000,0x00000000dea80000,0x00000000df500000)
 ParOldGen       total 91136K, used 37784K [0x0000000081a00000, 0x0000000087300000, 0x00000000d5e00000)
  object space 91136K, 41% used [0x0000000081a00000,0x0000000083ee6350,0x0000000087300000)
 Metaspace       used 46332K, capacity 46948K, committed 47232K, reserved 1093632K
  class space    used 6055K, capacity 6205K, committed 6272K, reserved 1048576K
GC Heap History (10 events):
Event: 15.765 GC heap before
{Heap before GC invocations=14 (full 2):
 PSYoungGen      total 143872K, used 133120K [0x00000000d5e00000, 0x00000000df500000, 0x0000000100000000)
  eden space 133120K, 100% used [0x00000000d5e00000,0x00000000de000000,0x00000000de000000)
  from space 10752K, 0% used [0x00000000de000000,0x00000000de000000,0x00000000dea80000)
  to   space 10752K, 0% used [0x00000000dea80000,0x00000000dea80000,0x00000000df500000)
 ParOldGen       total 91136K, used 22983K [0x0000000081a00000, 0x0000000087300000, 0x00000000d5e00000)
  object space 91136K, 25% used [0x0000000081a00000,0x0000000083071d60,0x0000000087300000)
 Metaspace       used 36340K, capacity 36906K, committed 36952K, reserved 1081344K
  class space    used 4711K, capacity 4864K, committed 4864K, reserved 1048576K
Event: 15.773 GC heap after
Heap after GC invocations=14 (full 2):
 PSYoungGen      total 143872K, used 4945K [0x00000000d5e00000, 0x00000000df500000, 0x0000000100000000)
  eden space 133120K, 0% used [0x00000000d5e00000,0x00000000d5e00000,0x00000000de000000)
  from space 10752K, 45% used [0x00000000dea80000,0x00000000def54508,0x00000000df500000)
  to   space 10752K, 0% used [0x00000000de000000,0x00000000de000000,0x00000000dea80000)
 ParOldGen       total 91136K, used 22991K [0x0000000081a00000, 0x0000000087300000, 0x00000000d5e00000)
  object space 91136K, 25% used [0x0000000081a00000,0x0000000083073d60,0x0000000087300000)
 Metaspace       used 36340K, capacity 36906K, committed 36952K, reserved 1081344K
  class space    used 4711K, capacity 4864K, committed 4864K, reserved 1048576K
}
Event: 16.547 GC heap before
{Heap before GC invocations=15 (full 2):
 PSYoungGen      total 143872K, used 138065K [0x00000000d5e00000, 0x00000000df500000, 0x0000000100000000)
  eden space 133120K, 100% used [0x00000000d5e00000,0x00000000de000000,0x00000000de000000)
  from space 10752K, 45% used [0x00000000dea80000,0x00000000def54508,0x00000000df500000)
  to   space 10752K, 0% used [0x00000000de000000,0x00000000de000000,0x00000000dea80000)
 ParOldGen       total 91136K, used 22991K [0x0000000081a00000, 0x0000000087300000, 0x00000000d5e00000)
  object space 91136K, 25% used [0x0000000081a00000,0x0000000083073d60,0x0000000087300000)
 Metaspace       used 37485K, capacity 38056K, committed 38400K, reserved 1083392K
  class space    used 4885K, capacity 5029K, committed 5120K, reserved 1048576K
Event: 16.569 GC heap after
Heap after GC invocations=15 (full 2):
 PSYoungGen      total 143872K, used 8644K [0x00000000d5e00000, 0x00000000df500000, 0x0000000100000000)
  eden space 133120K, 0% used [0x00000000d5e00000,0x00000000d5e00000,0x00000000de000000)
  from space 10752K, 80% used [0x00000000de000000,0x00000000de8713c8,0x00000000dea80000)
  to   space 10752K, 0% used [0x00000000dea80000,0x00000000dea80000,0x00000000df500000)
 ParOldGen       total 91136K, used 22999K [0x0000000081a00000, 0x0000000087300000, 0x00000000d5e00000)
  object space 91136K, 25% used [0x0000000081a00000,0x0000000083075d60,0x0000000087300000)
 Metaspace       used 37485K, capacity 38056K, committed 38400K, reserved 1083392K
  class space    used 4885K, capacity 5029K, committed 5120K, reserved 1048576K
}
Event: 17.462 GC heap before
{Heap before GC invocations=16 (full 2):
 PSYoungGen      total 143872K, used 141764K [0x00000000d5e00000, 0x00000000df500000, 0x0000000100000000)
  eden space 133120K, 100% used [0x00000000d5e00000,0x00000000de000000,0x00000000de000000)
  from space 10752K, 80% used [0x00000000de000000,0x00000000de8713c8,0x00000000dea80000)
  to   space 10752K, 0% used [0x00000000dea80000,0x00000000dea80000,0x00000000df500000)
 ParOldGen       total 91136K, used 22999K [0x0000000081a00000, 0x0000000087300000, 0x00000000d5e00000)
  object space 91136K, 25% used [0x0000000081a00000,0x0000000083075d60,0x0000000087300000)
 Metaspace       used 38436K, capacity 38962K, committed 39296K, reserved 1083392K
  class space    used 5010K, capacity 5133K, committed 5248K, reserved 1048576K
Event: 17.478 GC heap after
Heap after GC invocations=16 (full 2):
 PSYoungGen      total 143872K, used 7730K [0x00000000d5e00000, 0x00000000df500000, 0x0000000100000000)
  eden space 133120K, 0% used [0x00000000d5e00000,0x00000000d5e00000,0x00000000de000000)
  from space 10752K, 71% used [0x00000000dea80000,0x00000000df20cb68,0x00000000df500000)
  to   space 10752K, 0% used [0x00000000de000000,0x00000000de000000,0x00000000dea80000)
 ParOldGen       total 91136K, used 26439K [0x0000000081a00000, 0x0000000087300000, 0x00000000d5e00000)
  object space 91136K, 29% used [0x0000000081a00000,0x00000000833d1d70,0x0000000087300000)
 Metaspace       used 38436K, capacity 38962K, committed 39296K, reserved 1083392K
  class space    used 5010K, capacity 5133K, committed 5248K, reserved 1048576K
}
Event: 19.314 GC heap before
{Heap before GC invocations=17 (full 2):
 PSYoungGen      total 143872K, used 84108K [0x00000000d5e00000, 0x00000000df500000, 0x0000000100000000)
  eden space 133120K, 57% used [0x00000000d5e00000,0x00000000da896608,0x00000000de000000)
  from space 10752K, 71% used [0x00000000dea80000,0x00000000df20cb68,0x00000000df500000)
  to   space 10752K, 0% used [0x00000000de000000,0x00000000de000000,0x00000000dea80000)
 ParOldGen       total 91136K, used 26439K [0x0000000081a00000, 0x0000000087300000, 0x00000000d5e00000)
  object space 91136K, 29% used [0x0000000081a00000,0x00000000833d1d70,0x0000000087300000)
 Metaspace       used 43321K, capacity 43862K, committed 44032K, reserved 1093632K
  class space    used 5651K, capacity 5818K, committed 5888K, reserved 1048576K
Event: 19.329 GC heap after
Heap after GC invocations=17 (full 2):
 PSYoungGen      total 143872K, used 9937K [0x00000000d5e00000, 0x00000000df500000, 0x0000000100000000)
  eden space 133120K, 0% used [0x00000000d5e00000,0x00000000d5e00000,0x00000000de000000)
  from space 10752K, 92% used [0x00000000de000000,0x00000000de9b4408,0x00000000dea80000)
  to   space 10752K, 0% used [0x00000000dea80000,0x00000000dea80000,0x00000000df500000)
 ParOldGen       total 91136K, used 30379K [0x0000000081a00000, 0x0000000087300000, 0x00000000d5e00000)
  object space 91136K, 33% used [0x0000000081a00000,0x00000000837aadb0,0x0000000087300000)
 Metaspace       used 43321K, capacity 43862K, committed 44032K, reserved 1093632K
  class space    used 5651K, capacity 5818K, committed 5888K, reserved 1048576K
}
Event: 19.329 GC heap before
{Heap before GC invocations=18 (full 3):
 PSYoungGen      total 143872K, used 9937K [0x00000000d5e00000, 0x00000000df500000, 0x0000000100000000)
  eden space 133120K, 0% used [0x00000000d5e00000,0x00000000d5e00000,0x00000000de000000)
  from space 10752K, 92% used [0x00000000de000000,0x00000000de9b4408,0x00000000dea80000)
  to   space 10752K, 0% used [0x00000000dea80000,0x00000000dea80000,0x00000000df500000)
 ParOldGen       total 91136K, used 30379K [0x0000000081a00000, 0x0000000087300000, 0x00000000d5e00000)
  object space 91136K, 33% used [0x0000000081a00000,0x00000000837aadb0,0x0000000087300000)
 Metaspace       used 43321K, capacity 43862K, committed 44032K, reserved 1093632K
  class space    used 5651K, capacity 5818K, committed 5888K, reserved 1048576K
Event: 19.628 GC heap after
Heap after GC invocations=18 (full 3):
 PSYoungGen      total 143872K, used 0K [0x00000000d5e00000, 0x00000000df500000, 0x0000000100000000)
  eden space 133120K, 0% used [0x00000000d5e00000,0x00000000d5e00000,0x00000000de000000)
  from space 10752K, 0% used [0x00000000de000000,0x00000000de000000,0x00000000dea80000)
  to   space 10752K, 0% used [0x00000000dea80000,0x00000000dea80000,0x00000000df500000)
 ParOldGen       total 91136K, used 37784K [0x0000000081a00000, 0x0000000087300000, 0x00000000d5e00000)
  object space 91136K, 41% used [0x0000000081a00000,0x0000000083ee6350,0x0000000087300000)
 Metaspace       used 43321K, capacity 43862K, committed 44032K, reserved 1091584K
  class space    used 5651K, capacity 5818K, committed 5888K, reserved 1048576K
}

